[22:50:50] [main/INFO]: Environment: authHost='https://authserver.mojang.com', accountsHost='https://api.mojang.com', sessionHost='https://sessionserver.mojang.com', servicesHost='https://api.minecraftservices.com', name='PROD'
[22:50:51] [main/WARN]: Ambiguity between arguments [teleport, destination] and [teleport, targets] with inputs: [Player, 0123, @e, dd12be42-52a9-4a91-a8a1-11c01849e498]
[22:50:51] [main/WARN]: Ambiguity between arguments [teleport, location] and [teleport, destination] with inputs: [0.1 -0.5 .9, 0 0 0]
[22:50:51] [main/WARN]: Ambiguity between arguments [teleport, location] and [teleport, targets] with inputs: [0.1 -0.5 .9, 0 0 0]
[22:50:51] [main/WARN]: Ambiguity between arguments [teleport, targets] and [teleport, destination] with inputs: [Player, 0123, dd12be42-52a9-4a91-a8a1-11c01849e498]
[22:50:51] [main/WARN]: Ambiguity between arguments [teleport, targets, location] and [teleport, targets, destination] with inputs: [0.1 -0.5 .9, 0 0 0]
[22:50:51] [main/INFO]: Reloading ResourceManager: Default
[22:50:53] [Worker-Main-4/INFO]: Loaded 7 recipes
[22:50:54] [Worker-Main-4/INFO]: Loaded 927 advancements
[22:50:56] [Server thread/INFO]: Starting minecraft server version 1.16.5
[22:50:56] [Server thread/INFO]: Loading properties
[22:50:56] [Server thread/INFO]: Default game type: SURVIVAL
[22:50:56] [Server thread/INFO]: Generating keypair
[22:50:56] [Server console handler/ERROR]: Exception handling console input
java.io.IOException: Bad file descriptor
	at java.io.FileInputStream.readBytes(Native Method) ~[?:?]
	at java.io.FileInputStream.read(FileInputStream.java:279) ~[?:?]
	at java.io.BufferedInputStream.read1(BufferedInputStream.java:290) ~[?:?]
	at java.io.BufferedInputStream.read(BufferedInputStream.java:351) ~[?:?]
	at sun.nio.cs.StreamDecoder.readBytes(StreamDecoder.java:284) ~[?:?]
	at sun.nio.cs.StreamDecoder.implRead(StreamDecoder.java:326) ~[?:?]
	at sun.nio.cs.StreamDecoder.read(StreamDecoder.java:178) ~[?:?]
	at java.io.InputStreamReader.read(InputStreamReader.java:181) ~[?:?]
	at java.io.BufferedReader.fill(BufferedReader.java:161) ~[?:?]
	at java.io.BufferedReader.readLine(BufferedReader.java:326) ~[?:?]
	at java.io.BufferedReader.readLine(BufferedReader.java:392) ~[?:?]
	at zg$1.run(SourceFile:95) [server.jar:?]
[22:50:57] [Server thread/INFO]: Starting Minecraft server on *:25565
[22:50:57] [Server thread/INFO]: Using epoll channel type
[22:50:57] [Server thread/WARN]: **** SERVER IS RUNNING IN OFFLINE/INSECURE MODE!
[22:50:57] [Server thread/WARN]: The server will make no attempt to authenticate usernames. Beware.
[22:50:57] [Server thread/WARN]: While this makes the game possible to play without internet access, it also opens up the ability for hackers to connect with any username they choose.
[22:50:57] [Server thread/WARN]: To change this, set "online-mode" to "true" in the server.properties file.
[22:50:57] [Server thread/INFO]: Preparing level "world"
[22:50:57] [Server thread/INFO]: Preparing start region for dimension minecraft:overworld
[22:50:59] [Server thread/INFO]: Preparing spawn area: 0%
[22:50:59] [Server thread/INFO]: Preparing spawn area: 0%
[22:50:59] [Server thread/INFO]: Preparing spawn area: 0%
[22:50:59] [Server thread/INFO]: Preparing spawn area: 0%
[22:50:59] [Server thread/INFO]: Preparing spawn area: 0%
[22:51:00] [Server thread/INFO]: Preparing spawn area: 0%
[22:51:00] [Server thread/INFO]: Preparing spawn area: 47%
[22:51:00] [Server thread/INFO]: Time elapsed: 3268 ms
[22:51:00] [Server thread/INFO]: Done (3.405s)! For help, type "help"
